<?xml version="1.0" encoding="UTF-8"?>
<!-- Generated by org.testng.reporters.JUnitReportReporter -->
<testsuite hostname="DESKTOP-HD6R10L" name="com.bitm.selenium4thbatch.Utils.ExecuteDriver" tests="1" failures="0" timestamp="17 Jul 2017 06:16:18 GMT" time="0.010" errors="0">
  <testcase name="executionTest" time="0.010" classname="com.bitm.selenium4thbatch.Utils.ExecuteDriver"/>
</testsuite> <!-- com.bitm.selenium4thbatch.Utils.ExecuteDriver -->
