<?xml version="1.0" encoding="UTF-8"?>
<!-- Generated by org.testng.reporters.JUnitReportReporter -->
<testsuite hostname="DESKTOP-HD6R10L" name="com.bitm.selenium4thbatch.Utils.TestExecution" tests="1" failures="0" timestamp="21 Jul 2017 17:24:50 GMT" time="0.015" errors="0">
  <testcase name="testexecution" time="0.015" classname="com.bitm.selenium4thbatch.Utils.TestExecution"/>
</testsuite> <!-- com.bitm.selenium4thbatch.Utils.TestExecution -->
