<?xml version="1.0" encoding="UTF-8"?>
<!-- Generated by org.testng.reporters.JUnitReportReporter -->
<testsuite hostname="DESKTOP-HD6R10L" name="com.bitm.selenium4thbatch.Test.LoginTest" tests="2" failures="0" timestamp="5 Aug 2017 07:31:00 GMT" time="11.533" errors="0">
  <testcase name="checkHomePageTitle" time="10.659" classname="com.bitm.selenium4thbatch.Test.LoginTest"/>
  <testcase name="loginTest" time="0.874" classname="com.bitm.selenium4thbatch.Test.LoginTest"/>
</testsuite> <!-- com.bitm.selenium4thbatch.Test.LoginTest -->
